#
# There is insufficient memory for the Java Runtime Environment to continue.
# Native memory allocation (malloc) failed to allocate 1048576 bytes. Error detail: AllocateHeap
# Possible reasons:
#   The system is out of physical RAM or swap space
#   This process is running with CompressedOops enabled, and the Java Heap may be blocking the growth of the native heap
# Possible solutions:
#   Reduce memory load on the system
#   Increase physical memory or swap space
#   Check if swap backing store is full
#   Decrease Java heap size (-Xmx/-Xms)
#   Decrease number of Java threads
#   Decrease Java thread stack sizes (-Xss)
#   Set larger code cache with -XX:ReservedCodeCacheSize=
#   JVM is running with Unscaled Compressed Oops mode in which the Java heap is
#     placed in the first 4GB address space. The Java Heap base address is the
#     maximum limit for the native heap growth. Please use -XX:HeapBaseMinAddress
#     to set the Java Heap base and to place the Java Heap above 4GB virtual address.
# This output file may be truncated or incomplete.
#
#  Out of Memory Error (allocation.cpp:44), pid=10932, tid=3184
#
# JRE version:  (21.0.6+7) (build )
# Java VM: OpenJDK 64-Bit Server VM (21.0.6+7-LTS, mixed mode, sharing, tiered, compressed oops, compressed class ptrs, g1 gc, windows-amd64)
# No core dump will be written. Minidumps are not enabled by default on client versions of Windows
#

---------------  S U M M A R Y ------------

Command Line: -XX:+ShowCodeDetailsInExceptionMessages DemoGuessingGame

Host: Intel(R) Core(TM) i5-7300U CPU @ 2.60GHz, 4 cores, 3G,  Windows 10 , 64 bit Build 19041 (10.0.19041.2364)
Time: Thu Apr 10 16:03:05 2025  Windows 10 , 64 bit Build 19041 (10.0.19041.2364) elapsed time: 0.017565 seconds (0d 0h 0m 0s)

---------------  T H R E A D  ---------------

Current thread (0x0000016ba60d7600):  JavaThread "Unknown thread" [_thread_in_vm, id=3184, stack(0x00000048ea600000,0x00000048ea700000) (1024K)]

Stack: [0x00000048ea600000,0x00000048ea700000]
Native frames: (J=compiled Java code, j=interpreted, Vv=VM code, C=native code)
V  [jvm.dll+0x6fb489]
V  [jvm.dll+0x8dee5f]
V  [jvm.dll+0x8e1258]
V  [jvm.dll+0x8e19c3]
V  [jvm.dll+0x299796]
V  [jvm.dll+0xcd5b7]
V  [jvm.dll+0x3445b5]
V  [jvm.dll+0x8a62c7]
V  [jvm.dll+0x3de6d1]
V  [jvm.dll+0x88ea73]
V  [jvm.dll+0x474c5e]
V  [jvm.dll+0x476721]
C  [jli.dll+0x53a5]
C  [ucrtbase.dll+0x21bb2]
C  [KERNEL32.DLL+0x17614]
C  [ntdll.dll+0x526a1]


---------------  P R O C E S S  ---------------

Threads class SMR info:
_java_thread_list=0x00007ffc5b8b5148, length=0, elements={
}

Java Threads: ( => current thread )
Total: 0

Other Threads:

=>0x0000016ba60d7600 (exited) JavaThread "Unknown thread"    [_thread_in_vm, id=3184, stack(0x00000048ea600000,0x00000048ea700000) (1024K)]
Total: 1

Threads with active compile tasks:
Total: 0

VM state: not at safepoint (not fully initialized)

VM Mutex/Monitor currently owned by a thread: None

Heap address: 0x0000000000000000, size: 0 MB, Compressed Oops mode: 32-bit

CDS archive(s) mapped at: [0x0000000000000000-0x0000000000000000-0x0000000000000000), size 0, SharedBaseAddress: 0x0000000800000000, ArchiveRelocationMode: 1.
Narrow klass base: 0x0000000000000000, Narrow klass shift: 0, Narrow klass range: 0x0

GC Precious Log:
 CardTable entry size: 512
 Card Set container configuration: InlinePtr #cards 5 size 8 Array Of Cards #cards 12 size 40 Howl #buckets 4 coarsen threshold 1843 Howl Bitmap #cards 512 size 80 coarsen threshold 460 Card regions per heap region 1 cards per card region 2048

GC Heap History (0 events):
No events

Dll operation events (1 events):
Event: 0.010 Loaded shared library C:\Java\zulu21.40.17-ca-jdk21.0.6-win_x64\bin\java.dll

Deoptimization events (0 events):
No events

Classes loaded (0 events):
No events

Classes unloaded (0 events):
No events

Classes redefined (0 events):
No events

Internal exceptions (0 events):
No events

ZGC Phase Switch (0 events):
No events

VM Operations (0 events):
No events

Memory protections (0 events):
No events

Nmethod flushes (0 events):
No events

Events (0 events):
No events


Dynamic libraries:
0x00007ff706310000 - 0x00007ff70631e000 	C:\Java\zulu21.40.17-ca-jdk21.0.6-win_x64\bin\java.exe
0x00007ffca18b0000 - 0x00007ffca1aa8000 	C:\WINDOWS\SYSTEM32\ntdll.dll
0x00007ffca1610000 - 0x00007ffca16cf000 	C:\WINDOWS\System32\KERNEL32.DLL
0x00007ffc9f560000 - 0x00007ffc9f832000 	C:\WINDOWS\System32\KERNELBASE.dll
0x00007ffc9f0f0000 - 0x00007ffc9f1f0000 	C:\WINDOWS\System32\ucrtbase.dll
0x00007ffc7ee60000 - 0x00007ffc7ee79000 	C:\Java\zulu21.40.17-ca-jdk21.0.6-win_x64\bin\jli.dll
0x00007ffc81c80000 - 0x00007ffc81c9b000 	C:\Java\zulu21.40.17-ca-jdk21.0.6-win_x64\bin\VCRUNTIME140.dll
0x00007ffc9ff90000 - 0x00007ffca0131000 	C:\WINDOWS\System32\USER32.dll
0x00007ffc9efa0000 - 0x00007ffc9efc2000 	C:\WINDOWS\System32\win32u.dll
0x00007ffc84410000 - 0x00007ffc846aa000 	C:\WINDOWS\WinSxS\amd64_microsoft.windows.common-controls_6595b64144ccf1df_6.0.19041.1110_none_60b5254171f9507e\COMCTL32.dll
0x00007ffca0150000 - 0x00007ffca01ee000 	C:\WINDOWS\System32\msvcrt.dll
0x00007ffca12f0000 - 0x00007ffca131b000 	C:\WINDOWS\System32\GDI32.dll
0x00007ffc9f1f0000 - 0x00007ffc9f2ff000 	C:\WINDOWS\System32\gdi32full.dll
0x00007ffc9f050000 - 0x00007ffc9f0ed000 	C:\WINDOWS\System32\msvcp_win.dll
0x00007ffca01f0000 - 0x00007ffca0222000 	C:\WINDOWS\System32\IMM32.DLL
0x00007ffc9aa20000 - 0x00007ffc9aa2c000 	C:\Java\zulu21.40.17-ca-jdk21.0.6-win_x64\bin\vcruntime140_1.dll
0x00007ffc77e10000 - 0x00007ffc77e9e000 	C:\Java\zulu21.40.17-ca-jdk21.0.6-win_x64\bin\msvcp140.dll
0x00007ffc5ac30000 - 0x00007ffc5ba0d000 	C:\Java\zulu21.40.17-ca-jdk21.0.6-win_x64\bin\server\jvm.dll
0x00007ffca1560000 - 0x00007ffca160e000 	C:\WINDOWS\System32\ADVAPI32.dll
0x00007ffca0230000 - 0x00007ffca02cc000 	C:\WINDOWS\System32\sechost.dll
0x00007ffc9fc50000 - 0x00007ffc9fd75000 	C:\WINDOWS\System32\RPCRT4.dll
0x00007ffca02d0000 - 0x00007ffca033b000 	C:\WINDOWS\System32\WS2_32.dll
0x00007ffc9e9b0000 - 0x00007ffc9e9fb000 	C:\WINDOWS\SYSTEM32\POWRPROF.dll
0x00007ffc90190000 - 0x00007ffc9019a000 	C:\WINDOWS\SYSTEM32\VERSION.dll
0x00007ffc869c0000 - 0x00007ffc869e7000 	C:\WINDOWS\SYSTEM32\WINMM.dll
0x00007ffc9e940000 - 0x00007ffc9e952000 	C:\WINDOWS\SYSTEM32\UMPDC.dll
0x00007ffc9cd60000 - 0x00007ffc9cd72000 	C:\WINDOWS\SYSTEM32\kernel.appcore.dll
0x00007ffc9a910000 - 0x00007ffc9a91a000 	C:\Java\zulu21.40.17-ca-jdk21.0.6-win_x64\bin\jimage.dll
0x00007ffc98140000 - 0x00007ffc98324000 	C:\WINDOWS\SYSTEM32\DBGHELP.DLL
0x00007ffc89a70000 - 0x00007ffc89aa5000 	C:\WINDOWS\SYSTEM32\dbgcore.DLL
0x00007ffc9f300000 - 0x00007ffc9f382000 	C:\WINDOWS\System32\bcryptPrimitives.dll
0x00007ffc7b470000 - 0x00007ffc7b492000 	C:\Java\zulu21.40.17-ca-jdk21.0.6-win_x64\bin\java.dll

dbghelp: loaded successfully - version: 4.0.5 - missing functions: none
symbol engine: initialized successfully - sym options: 0x614 - pdb path: .;C:\Java\zulu21.40.17-ca-jdk21.0.6-win_x64\bin;C:\WINDOWS\SYSTEM32;C:\WINDOWS\WinSxS\amd64_microsoft.windows.common-controls_6595b64144ccf1df_6.0.19041.1110_none_60b5254171f9507e;C:\Java\zulu21.40.17-ca-jdk21.0.6-win_x64\bin\server

VM Arguments:
jvm_args: -XX:+ShowCodeDetailsInExceptionMessages 
java_command: DemoGuessingGame
java_class_path (initial): C:\github\bootcamp\demo-loop\bin
Launcher Type: SUN_STANDARD

[Global flags]
     intx CICompilerCount                          = 3                                         {product} {ergonomic}
     uint ConcGCThreads                            = 1                                         {product} {ergonomic}
     uint G1ConcRefinementThreads                  = 4                                         {product} {ergonomic}
   size_t G1HeapRegionSize                         = 1048576                                   {product} {ergonomic}
    uintx GCDrainStackTargetSize                   = 64                                        {product} {ergonomic}
   size_t InitialHeapSize                          = 67108864                                  {product} {ergonomic}
   size_t MarkStackSize                            = 4194304                                   {product} {ergonomic}
   size_t MaxHeapSize                              = 1052770304                                {product} {ergonomic}
   size_t MinHeapDeltaBytes                        = 1048576                                   {product} {ergonomic}
   size_t MinHeapSize                              = 8388608                                   {product} {ergonomic}
    uintx NonNMethodCodeHeapSize                   = 5832780                                {pd product} {ergonomic}
    uintx NonProfiledCodeHeapSize                  = 122912730                              {pd product} {ergonomic}
    uintx ProfiledCodeHeapSize                     = 122912730                              {pd product} {ergonomic}
    uintx ReservedCodeCacheSize                    = 251658240                              {pd product} {ergonomic}
     bool SegmentedCodeCache                       = true                                      {product} {ergonomic}
     bool ShowCodeDetailsInExceptionMessages       = true                                   {manageable} {command line}
   size_t SoftMaxHeapSize                          = 1052770304                             {manageable} {ergonomic}
     bool UseCompressedOops                        = true                           {product lp64_product} {ergonomic}
     bool UseG1GC                                  = true                                      {product} {ergonomic}
     bool UseLargePagesIndividualAllocation        = false                                  {pd product} {ergonomic}

Logging:
Log output configuration:
 #0: stdout all=warning uptime,level,tags foldmultilines=false
 #1: stderr all=off uptime,level,tags foldmultilines=false

Environment Variables:
JAVA_HOME=C:\Java\zulu21.40.17-ca-jdk21.0.6-win_x64\
PATH=C:\WINDOWS\system32;C:\WINDOWS;C:\WINDOWS\System32\Wbem;C:\WINDOWS\System32\WindowsPowerShell\v1.0\;C:\WINDOWS\System32\OpenSSH\;C:\Program Files\Tesseract-OCR;C:\Program Files (x86)\dotnet\;C:\Program Files\Microsoft SQL Server\130\Tools\Binn\;C:\Java\zulu21.40.17-ca-jdk21.0.6-win_x64\bin;C:\Program Files\Git\cmd;C:\Program Files\Git\bin;C:\Program Files\apache-maven-3.9.9\bin;C:\Users\Adm\anaconda3;C:\Users\Adm\anaconda3\Library\mingw-w64\bin;C:\Users\Adm\anaconda3\Library\usr\bin;C:\Users\Adm\anaconda3\Library\bin;C:\Users\Adm\anaconda3\Scripts;C:\Users\Adm\AppData\Local\Microsoft\WindowsApps;C:\Program Files\heroku\bin;C:\Users\Adm\AppData\Local\Programs\Microsoft VS Code\bin
USERNAME=Adm
LANG=en_US.UTF-8
OS=Windows_NT
PROCESSOR_IDENTIFIER=Intel64 Family 6 Model 142 Stepping 9, GenuineIntel
TMP=C:\Users\Adm\AppData\Local\Temp
TEMP=C:\Users\Adm\AppData\Local\Temp




Periodic native trim disabled

---------------  S Y S T E M  ---------------

OS:
 Windows 10 , 64 bit Build 19041 (10.0.19041.2364)
OS uptime: 1 days 6:08 hours

CPU: total 4 (initial active 4) (2 cores per cpu, 2 threads per core) family 6 model 142 stepping 9 microcode 0xf0, cx8, cmov, fxsr, ht, mmx, 3dnowpref, sse, sse2, sse3, ssse3, sse4.1, sse4.2, popcnt, lzcnt, tsc, tscinvbit, avx, avx2, aes, erms, clmul, bmi1, bmi2, rtm, adx, fma, vzeroupper, clflush, clflushopt, rdtscp, f16c
Processor Information for the first 4 processors :
  Max Mhz: 2712, Current Mhz: 2611, Mhz Limit: 2603

Memory: 4k page, system-wide physical 4013M (446M free)
TotalPageFile size 11792M (AvailPageFile size 4M)
current process WorkingSet (physical memory assigned to process): 10M, peak: 10M
current process commit charge ("private bytes"): 13M, peak: 14M

vm_info: OpenJDK 64-Bit Server VM (21.0.6+7-LTS) for windows-amd64 JRE (21.0.6+7-LTS) (Zulu21.40+17-CA), built on 2025-01-07T13:04:52Z by "zulu_re" with MS VC++ 17.1 (VS2022)

END.
